2024-12-22 18:01:46,657 - root - INFO - {'seed': 2023, 'model_dir': '../model', 'checkpoint_dir': '../checkpoint', 'model_name': 'model.pt', 'log_dir': '../log', 'distributed': 1, 'gpu': '3,4', 'master_addr': 'localhost', 'master_port': '2000', 'logging_level': 20, 'data_path': '/shared/share_mala/andrew/OpenP5/data', 'item_indexing': 'sequential', 'tasks': 'sequential,straightforward', 'datasets': 'Beauty', 'prompt_file': '../../prompt.txt', 'sequential_order': 'original', 'collaborative_token_size': 200, 'collaborative_cluster': 20, 'collaborative_last_token': 'sequential', 'collaborative_float32': 0, 'max_his': 20, 'his_prefix': 1, 'his_sep': ' , ', 'skip_empty_his': 1, 'valid_prompt': 'seen:0', 'valid_prompt_sample': 1, 'valid_sample_num': '3,3', 'test_prompt': 'seen:0', 'sample_prompt': 1, 'sample_num': '3,3', 'batch_size': 64, 'eval_batch_size': 1, 'dist_sampler': 0, 'optim': 'AdamW', 'epochs': 20, 'lr': 0.001, 'clip': 1, 'logging_step': 100, 'warmup_prop': 0.05, 'gradient_accumulation_steps': 1, 'weight_decay': 0.01, 'adam_eps': 1e-06, 'dropout': 0.1, 'alpha': 2, 'train': 1, 'backbone': 't5-small', 'metrics': 'hit@5,hit@10,ndcg@5,ndcg@10', 'load': 0, 'random_initialize': 1, 'test_epoch': 1, 'valid_select': 0, 'test_before_train': 1, 'test_filtered': 0, 'test_filtered_batch': 1, 'world_size': 2, 'rank': 0, 'log_name': '1_1_1_1_20_2000_Beauty_sequential,straightforward_t5-small_sequential_0.001_20_64_3,3_prompt', 'model_path': '../model/Beauty/1_1_1_1_20_2000_Beauty_sequential,straightforward_t5-small_sequential_0.001_20_64_3,3_prompt.pt'}
2024-12-22 18:01:46,658 - root - INFO - Generating data for Beauty dataset
2024-12-22 18:01:46,658 - root - INFO - Get prompt template from ../../prompt.txt
2024-12-22 18:01:46,659 - root - INFO - Considering {dataset} user_{user_id} has interacted with {dataset} items {history} . What is the next recommendation for the user ?
2024-12-22 18:01:46,660 - root - INFO - Required info: ['history', 'user_id', 'dataset', 'target']
2024-12-22 18:01:46,797 - root - INFO - Reindex data with sequential indexing method
2024-12-22 18:01:47,979 - root - INFO - loading training data
2024-12-22 18:01:48,171 - root - INFO - Getting prompt information
2024-12-22 18:01:50,003 - root - INFO - Input: Here is the purchase history of Beauty user_6 : Beauty item item_1026 , item_1027 , item_1028 , item_1009 , item_1029 , item_1030 , item_1031 , item_1032 , item_1033 , item_1034 , item_1035 , item_1036 , item_1037 . I wonder what is the next recommended item for the user . , Output: Beauty item_1038 
2024-12-22 18:01:50,192 - root - INFO - Use t5-small backbone model
2024-12-22 18:01:51,130 - root - INFO - Random initialize number related tokens
2024-12-22 18:01:52,539 - root - INFO - Building Optimizer and Scheduler
2024-12-22 18:01:52,539 - root - INFO - Batch per epoch: 6160
2024-12-22 18:01:52,539 - root - INFO - Total steps: 123200
2024-12-22 18:01:52,539 - root - INFO - Warmup proportion: 0.05
2024-12-22 18:01:52,539 - root - INFO - Warm up steps: 6160
2024-12-22 18:01:52,540 - root - INFO - Building Optimizer AdamW
2024-12-22 18:01:53,265 - root - INFO - Start training
2024-12-22 18:01:53,266 - root - INFO - testing Beauty dataset on sequential task
2024-12-22 18:16:16,331 - root - INFO - hit@5: 0.0005365766410302271
2024-12-22 18:16:16,332 - root - INFO - hit@10: 0.0008048649615453407
2024-12-22 18:16:16,332 - root - INFO - ndcg@5: 0.00027673707351005914
2024-12-22 18:16:16,332 - root - INFO - ndcg@10: 0.0003603456759815486
2024-12-22 18:16:16,334 - root - INFO - testing Beauty dataset on straightforward task
2024-12-22 18:30:37,626 - root - INFO - hit@5: 0.0007154355213736362
2024-12-22 18:30:37,626 - root - INFO - hit@10: 0.0014308710427472723
2024-12-22 18:30:37,626 - root - INFO - ndcg@5: 0.00048529308204793114
2024-12-22 18:30:37,626 - root - INFO - ndcg@10: 0.000710751621108148
2024-12-22 18:30:37,628 - root - INFO - Start training for epoch 1
2024-12-22 18:30:39,564 - root - INFO - Input: Here is the purchase history of Beauty user_6 : Beauty item item_1026 , item_1027 , item_1028 , item_1009 , item_1029 , item_1030 , item_1031 , item_1032 , item_1033 , item_1034 , item_1035 , item_1036 , item_1037 . I wonder what is the next recommended item for the user . , Output: Beauty item_1038 
2024-12-22 18:43:43,292 - root - INFO - The average training loss for epoch 1 is 1.8148072957992554
2024-12-22 18:43:43,295 - root - INFO - testing Beauty dataset on sequential task
2024-12-22 18:58:26,525 - root - INFO - hit@5: 0.007199069933822215
2024-12-22 18:58:26,526 - root - INFO - hit@10: 0.013593274906099087
2024-12-22 18:58:26,526 - root - INFO - ndcg@5: 0.004407240010083616
2024-12-22 18:58:26,526 - root - INFO - ndcg@10: 0.0065237256195194455
2024-12-22 18:58:26,528 - root - INFO - testing Beauty dataset on straightforward task
2024-12-22 19:13:08,615 - root - INFO - hit@5: 0.006841352173135396
2024-12-22 19:13:08,616 - root - INFO - hit@10: 0.01126810946163477
2024-12-22 19:13:08,616 - root - INFO - ndcg@5: 0.004199824243283618
2024-12-22 19:13:08,616 - root - INFO - ndcg@10: 0.005623647842426981
2024-12-22 19:13:08,618 - root - INFO - Start training for epoch 2
2024-12-22 19:13:10,545 - root - INFO - Input: The Beauty user_6 has bought items : Beauty items item_1026 , item_1027 , item_1028 , item_1009 , item_1029 , item_1030 , item_1031 , item_1032 , item_1033 , item_1034 , item_1035 , item_1036 , item_1037 , What else do you think is necessary for the user ? , Output: Beauty item_1038 
2024-12-22 19:26:16,204 - root - INFO - The average training loss for epoch 2 is 1.467859148979187
2024-12-22 19:26:16,207 - root - INFO - testing Beauty dataset on sequential task
2024-12-22 19:40:45,529 - root - INFO - hit@5: 0.012877839384725451
2024-12-22 19:40:45,530 - root - INFO - hit@10: 0.023028080844213917
2024-12-22 19:40:45,530 - root - INFO - ndcg@5: 0.007901209575033418
2024-12-22 19:40:45,530 - root - INFO - ndcg@10: 0.011188967361675618
2024-12-22 19:40:45,532 - root - INFO - testing Beauty dataset on straightforward task
2024-12-27 07:51:54,917 - root - INFO - {'seed': 2023, 'model_dir': '../model', 'checkpoint_dir': '../checkpoint', 'model_name': 'model.pt', 'log_dir': '../log', 'distributed': 1, 'gpu': '3,4', 'master_addr': 'localhost', 'master_port': '2000', 'logging_level': 20, 'data_path': '/shared/share_mala/andrew/OpenP5/data', 'item_indexing': 'sequential', 'tasks': 'sequential,straightforward', 'datasets': 'Beauty', 'prompt_file': '../../prompt.txt', 'sequential_order': 'original', 'collaborative_token_size': 200, 'collaborative_cluster': 20, 'collaborative_last_token': 'sequential', 'collaborative_float32': 0, 'max_his': 20, 'his_prefix': 1, 'his_sep': ' , ', 'skip_empty_his': 1, 'valid_prompt': 'seen:0', 'valid_prompt_sample': 1, 'valid_sample_num': '3,3', 'test_prompt': 'seen:0', 'sample_prompt': 1, 'sample_num': '3,3', 'batch_size': 64, 'eval_batch_size': 1, 'dist_sampler': 0, 'optim': 'AdamW', 'epochs': 20, 'lr': 0.001, 'clip': 1, 'logging_step': 100, 'warmup_prop': 0.05, 'gradient_accumulation_steps': 1, 'weight_decay': 0.01, 'adam_eps': 1e-06, 'dropout': 0.1, 'alpha': 2, 'train': 1, 'backbone': 't5-small', 'metrics': 'hit@5,hit@10,ndcg@5,ndcg@10', 'load': 0, 'random_initialize': 1, 'test_epoch': 1, 'valid_select': 0, 'test_before_train': 1, 'test_filtered': 0, 'test_filtered_batch': 1, 'world_size': 2, 'rank': 0, 'log_name': '1_1_1_1_20_2000_Beauty_sequential,straightforward_t5-small_sequential_0.001_20_64_3,3_prompt', 'model_path': '../model/Beauty/1_1_1_1_20_2000_Beauty_sequential,straightforward_t5-small_sequential_0.001_20_64_3,3_prompt.pt'}
2024-12-27 07:51:54,917 - root - INFO - Generating data for Beauty dataset
2024-12-27 07:51:54,917 - root - INFO - Get prompt template from ../../prompt.txt
2024-12-27 07:51:54,918 - root - INFO - Considering {dataset} user_{user_id} has interacted with {dataset} items {history} . What is the next recommendation for the user ?
2024-12-27 07:51:54,935 - root - INFO - Required info: ['history', 'target', 'user_id', 'dataset']
2024-12-27 07:51:55,076 - root - INFO - Reindex data with sequential indexing method
